2025-08-27 17:12:53.905 | INFO     | utils.utils_logger:<module>:38 - Logging to file: logs\project_log.log
2025-08-27 17:12:53.906 | INFO     | __main__:main:106 - START producer...
2025-08-27 17:12:53.907 | INFO     | __main__:main:107 - Hit CTRL c (or CMD c) to close.
2025-08-27 17:12:53.907 | INFO     | __main__:get_message_interval:53 - Messages will be sent every 3 seconds.
2025-08-27 17:12:53.907 | INFO     | __main__:main:114 - I just found an app! It was amazing.
2025-08-27 17:12:56.922 | INFO     | __main__:main:114 - I just saw a movie! It was boring.
2025-08-27 17:12:59.924 | INFO     | __main__:main:114 - I just shared an app! It was boring.
2025-08-27 17:13:02.931 | INFO     | __main__:main:114 - I just loved a meme! It was boring.
2025-08-27 17:13:05.933 | INFO     | __main__:main:114 - I just loved a meme! It was amazing.
2025-08-27 17:13:08.936 | INFO     | __main__:main:114 - I just loved a meme! It was exciting.
2025-08-27 17:13:11.938 | INFO     | __main__:main:114 - I just loved a story! It was funny.
2025-08-27 17:13:14.939 | INFO     | __main__:main:114 - I just found a trick! It was amazing.
2025-08-27 17:13:17.941 | INFO     | __main__:main:114 - I just found a story! It was amazing.
2025-08-27 17:13:20.943 | INFO     | __main__:main:114 - I just shared a trick! It was boring.
2025-08-27 17:13:23.945 | INFO     | __main__:main:114 - I just shared a trick! It was funny.
2025-08-27 17:13:26.947 | INFO     | __main__:main:114 - I just tried a story! It was exciting.
2025-08-27 17:13:29.949 | INFO     | __main__:main:114 - I just loved a movie! It was boring.
2025-08-27 17:13:32.953 | INFO     | __main__:main:114 - I just loved a story! It was funny.
2025-08-27 17:13:35.956 | INFO     | __main__:main:114 - I just shared a story! It was boring.
2025-08-27 17:13:38.956 | INFO     | __main__:main:114 - I just shared a meme! It was funny.
2025-08-27 17:13:41.957 | INFO     | __main__:main:114 - I just loved a story! It was funny.
2025-08-27 17:13:44.958 | INFO     | __main__:main:114 - I just saw a movie! It was funny.
2025-08-27 17:13:47.961 | INFO     | __main__:main:114 - I just saw a meme! It was funny.
2025-08-27 17:13:50.963 | INFO     | __main__:main:114 - I just tried a movie! It was exciting.
2025-08-27 17:13:53.964 | INFO     | __main__:main:114 - I just found an app! It was weird.
2025-08-27 17:13:56.965 | INFO     | __main__:main:114 - I just found a story! It was exciting.
2025-08-27 17:13:59.966 | INFO     | __main__:main:114 - I just shared a movie! It was amazing.
2025-08-27 17:14:02.969 | INFO     | __main__:main:114 - I just loved a movie! It was amazing.
2025-08-27 17:14:05.970 | INFO     | __main__:main:114 - I just shared an app! It was funny.
2025-08-27 17:14:08.972 | INFO     | __main__:main:114 - I just tried an app! It was boring.
2025-08-27 17:14:11.974 | INFO     | __main__:main:114 - I just tried a meme! It was weird.
2025-08-27 17:14:14.976 | INFO     | __main__:main:114 - I just found a story! It was weird.
2025-08-27 17:14:17.978 | INFO     | __main__:main:114 - I just tried a trick! It was exciting.
2025-08-27 17:14:20.980 | INFO     | __main__:main:114 - I just shared a story! It was boring.
2025-08-27 17:14:23.982 | INFO     | __main__:main:114 - I just shared a trick! It was exciting.
2025-08-27 17:14:26.984 | INFO     | __main__:main:114 - I just saw an app! It was weird.
2025-08-27 17:14:29.989 | INFO     | __main__:main:114 - I just found a meme! It was weird.
2025-08-27 17:14:32.990 | INFO     | __main__:main:114 - I just saw a story! It was weird.
2025-08-27 17:14:35.992 | INFO     | __main__:main:114 - I just tried a meme! It was exciting.
2025-08-27 17:14:38.995 | INFO     | __main__:main:114 - I just loved a trick! It was funny.
2025-08-27 17:14:41.997 | INFO     | __main__:main:114 - I just found a meme! It was funny.
2025-08-27 17:14:45.002 | INFO     | __main__:main:114 - I just tried a trick! It was weird.
2025-08-27 17:14:48.004 | INFO     | __main__:main:114 - I just shared a meme! It was exciting.
2025-08-27 17:14:51.005 | INFO     | __main__:main:114 - I just shared an app! It was weird.
2025-08-27 17:14:54.007 | INFO     | __main__:main:114 - I just found a story! It was weird.
2025-08-27 17:14:57.009 | INFO     | __main__:main:114 - I just found an app! It was weird.
2025-08-27 17:15:00.012 | INFO     | __main__:main:114 - I just tried a story! It was weird.
2025-08-27 17:15:03.013 | INFO     | __main__:main:114 - I just tried an app! It was amazing.
2025-08-27 17:15:06.014 | INFO     | __main__:main:114 - I just loved an app! It was weird.
2025-08-27 17:15:09.015 | INFO     | __main__:main:114 - I just loved a movie! It was amazing.
2025-08-27 17:15:12.017 | INFO     | __main__:main:114 - I just saw a meme! It was weird.
2025-08-27 17:15:15.018 | INFO     | __main__:main:114 - I just saw a story! It was amazing.
2025-08-27 17:15:18.019 | INFO     | __main__:main:114 - I just loved a trick! It was weird.
2025-08-27 17:15:21.022 | INFO     | __main__:main:114 - I just found a story! It was exciting.
2025-08-27 17:15:24.023 | INFO     | __main__:main:114 - I just loved an app! It was exciting.
2025-08-27 17:15:27.024 | INFO     | __main__:main:114 - I just loved a story! It was funny.
2025-08-27 17:15:30.025 | INFO     | __main__:main:114 - I just loved a trick! It was weird.
2025-08-27 17:15:33.027 | INFO     | __main__:main:114 - I just loved a story! It was weird.
2025-08-27 17:15:36.028 | INFO     | __main__:main:114 - I just loved a movie! It was weird.
2025-08-27 17:15:39.030 | INFO     | __main__:main:114 - I just loved a story! It was weird.
